{"level":"DEBUG","location":"[get_call:137] fyersModel","message":{"Status Code":200,"API":"/profile"},"timestamp":"2025-01-13 14:41:55,466+0530","service":"FyersAPIRequest"}
{"level":"DEBUG","location":"[get_call:137] fyersModel","message":{"Status Code":200,"API":"/profile"},"timestamp":"2025-01-13 14:43:11,706+0530","service":"FyersAPIRequest"}
{"level":"DEBUG","location":"[post_call:78] fyersModel","message":{"Status Code":200,"API":"/orders/sync"},"timestamp":"2025-01-13 14:43:33,495+0530","service":"FyersAPIRequest"}
{"level":"DEBUG","location":"[get_call:137] fyersModel","message":{"Status Code":200,"API":"/quotes"},"timestamp":"2025-01-13 15:12:19,747+0530","service":"FyersAPIRequest"}
{"level":"DEBUG","location":"[get_call:137] fyersModel","message":{"Status Code":200,"API":"/depth"},"timestamp":"2025-01-13 15:14:42,116+0530","service":"FyersAPIRequest"}
{"level":"DEBUG","location":"[get_call:137] fyersModel","message":{"Status Code":200,"API":"/orders"},"timestamp":"2025-01-13 15:14:42,476+0530","service":"FyersAPIRequest"}
{"level":"DEBUG","location":"[get_call:137] fyersModel","message":{"Status Code":200,"API":"/positions"},"timestamp":"2025-01-13 15:14:42,780+0530","service":"FyersAPIRequest"}
{"level":"DEBUG","location":"[get_call:137] fyersModel","message":{"Status Code":200,"API":"/tradebook"},"timestamp":"2025-01-13 15:14:43,141+0530","service":"FyersAPIRequest"}
{"level":"DEBUG","location":"[get_call:137] fyersModel","message":{"Status Code":200,"API":"/funds"},"timestamp":"2025-01-13 15:14:43,508+0530","service":"FyersAPIRequest"}
{"level":"DEBUG","location":"[get_call:137] fyersModel","message":{"Status Code":200,"API":"/holdings"},"timestamp":"2025-01-13 15:14:43,878+0530","service":"FyersAPIRequest"}
{"level":"DEBUG","location":"[get_call:137] fyersModel","message":{"Status Code":200,"API":"/history"},"timestamp":"2025-01-13 15:30:48,690+0530","service":"FyersAPIRequest"}
{"level":"DEBUG","location":"[get_call:137] fyersModel","message":{"Status Code":200,"API":"/history"},"timestamp":"2025-01-13 15:36:16,211+0530","service":"FyersAPIRequest"}
{"level":"DEBUG","location":"[get_call:137] fyersModel","message":{"Status Code":200,"API":"/history"},"timestamp":"2025-01-13 15:45:57,426+0530","service":"FyersAPIRequest"}
{"level":"DEBUG","location":"[get_call:137] fyersModel","message":{"Status Code":200,"API":"/history"},"timestamp":"2025-01-13 15:47:22,078+0530","service":"FyersAPIRequest"}
{"level":"DEBUG","location":"[get_call:137] fyersModel","message":{"Status Code":200,"API":"/history"},"timestamp":"2025-01-13 15:48:02,061+0530","service":"FyersAPIRequest"}
{"level":"DEBUG","location":"[get_call:137] fyersModel","message":{"Status Code":200,"API":"/history"},"timestamp":"2025-01-13 15:49:25,236+0530","service":"FyersAPIRequest"}
{"level":"DEBUG","location":"[get_call:137] fyersModel","message":{"Status Code":200,"API":"/history"},"timestamp":"2025-01-13 15:49:41,446+0530","service":"FyersAPIRequest"}
{"level":"DEBUG","location":"[get_call:137] fyersModel","message":{"Status Code":200,"API":"/history"},"timestamp":"2025-01-13 15:50:56,694+0530","service":"FyersAPIRequest"}
{"level":"DEBUG","location":"[get_call:137] fyersModel","message":{"Status Code":200,"API":"/history"},"timestamp":"2025-01-13 15:51:11,003+0530","service":"FyersAPIRequest"}
{"level":"DEBUG","location":"[get_call:137] fyersModel","message":{"Status Code":200,"API":"/history"},"timestamp":"2025-01-13 16:02:59,869+0530","service":"FyersAPIRequest"}
{"level":"DEBUG","location":"[post_call:78] fyersModel","message":{"Status Code":400,"API":"/orders/sync"},"timestamp":"2025-01-13 16:03:00,210+0530","service":"FyersAPIRequest"}
{"level":"DEBUG","location":"[get_call:137] fyersModel","message":{"Status Code":200,"API":"/history"},"timestamp":"2025-01-13 16:03:00,533+0530","service":"FyersAPIRequest"}
{"level":"DEBUG","location":"[post_call:78] fyersModel","message":{"Status Code":200,"API":"/orders/sync"},"timestamp":"2025-01-13 16:03:00,981+0530","service":"FyersAPIRequest"}
{"level":"DEBUG","location":"[get_call:137] fyersModel","message":{"Status Code":200,"API":"/history"},"timestamp":"2025-01-13 16:03:01,356+0530","service":"FyersAPIRequest"}
{"level":"DEBUG","location":"[post_call:78] fyersModel","message":{"Status Code":200,"API":"/orders/sync"},"timestamp":"2025-01-13 16:03:01,810+0530","service":"FyersAPIRequest"}
{"level":"DEBUG","location":"[get_call:137] fyersModel","message":{"Status Code":200,"API":"/history"},"timestamp":"2025-01-13 16:03:02,207+0530","service":"FyersAPIRequest"}
{"level":"DEBUG","location":"[post_call:78] fyersModel","message":{"Status Code":400,"API":"/orders/sync"},"timestamp":"2025-01-13 16:03:02,632+0530","service":"FyersAPIRequest"}
{"level":"DEBUG","location":"[get_call:137] fyersModel","message":{"Status Code":200,"API":"/history"},"timestamp":"2025-01-13 16:03:02,993+0530","service":"FyersAPIRequest"}
{"level":"DEBUG","location":"[post_call:78] fyersModel","message":{"Status Code":200,"API":"/orders/sync"},"timestamp":"2025-01-13 16:03:03,461+0530","service":"FyersAPIRequest"}
{"level":"DEBUG","location":"[get_call:137] fyersModel","message":{"Status Code":200,"API":"/history"},"timestamp":"2025-01-13 16:03:03,871+0530","service":"FyersAPIRequest"}
{"level":"DEBUG","location":"[post_call:78] fyersModel","message":{"Status Code":200,"API":"/orders/sync"},"timestamp":"2025-01-13 16:03:05,751+0530","service":"FyersAPIRequest"}
{"level":"DEBUG","location":"[get_call:137] fyersModel","message":{"Status Code":200,"API":"/history"},"timestamp":"2025-01-13 16:03:06,234+0530","service":"FyersAPIRequest"}
{"level":"DEBUG","location":"[post_call:78] fyersModel","message":{"Status Code":200,"API":"/orders/sync"},"timestamp":"2025-01-13 16:03:06,703+0530","service":"FyersAPIRequest"}
{"level":"DEBUG","location":"[get_call:137] fyersModel","message":{"Status Code":200,"API":"/history"},"timestamp":"2025-01-13 16:03:07,024+0530","service":"FyersAPIRequest"}
{"level":"DEBUG","location":"[post_call:78] fyersModel","message":{"Status Code":200,"API":"/orders/sync"},"timestamp":"2025-01-13 16:03:07,556+0530","service":"FyersAPIRequest"}
{"level":"DEBUG","location":"[get_call:137] fyersModel","message":{"Status Code":200,"API":"/history"},"timestamp":"2025-01-13 16:03:07,895+0530","service":"FyersAPIRequest"}
{"level":"DEBUG","location":"[post_call:78] fyersModel","message":{"Status Code":200,"API":"/orders/sync"},"timestamp":"2025-01-13 16:03:08,376+0530","service":"FyersAPIRequest"}
{"level":"DEBUG","location":"[get_call:137] fyersModel","message":{"Status Code":200,"API":"/history"},"timestamp":"2025-01-13 16:03:08,739+0530","service":"FyersAPIRequest"}
{"level":"DEBUG","location":"[post_call:78] fyersModel","message":{"Status Code":200,"API":"/orders/sync"},"timestamp":"2025-01-13 16:03:09,155+0530","service":"FyersAPIRequest"}
{"level":"DEBUG","location":"[get_call:137] fyersModel","message":{"Status Code":200,"API":"/history"},"timestamp":"2025-01-13 16:03:09,528+0530","service":"FyersAPIRequest"}
{"level":"DEBUG","location":"[post_call:78] fyersModel","message":{"Status Code":200,"API":"/orders/sync"},"timestamp":"2025-01-13 16:03:09,971+0530","service":"FyersAPIRequest"}
{"level":"DEBUG","location":"[get_call:137] fyersModel","message":{"Status Code":200,"API":"/history"},"timestamp":"2025-01-13 16:03:10,313+0530","service":"FyersAPIRequest"}
{"level":"DEBUG","location":"[post_call:78] fyersModel","message":{"Status Code":200,"API":"/orders/sync"},"timestamp":"2025-01-13 16:03:10,825+0530","service":"FyersAPIRequest"}
{"level":"DEBUG","location":"[get_call:137] fyersModel","message":{"Status Code":200,"API":"/history"},"timestamp":"2025-01-13 16:03:11,151+0530","service":"FyersAPIRequest"}
{"level":"DEBUG","location":"[post_call:78] fyersModel","message":{"Status Code":200,"API":"/orders/sync"},"timestamp":"2025-01-13 16:03:11,571+0530","service":"FyersAPIRequest"}
{"level":"DEBUG","location":"[get_call:137] fyersModel","message":{"Status Code":200,"API":"/history"},"timestamp":"2025-01-13 16:03:11,904+0530","service":"FyersAPIRequest"}
{"level":"DEBUG","location":"[post_call:78] fyersModel","message":{"Status Code":400,"API":"/orders/sync"},"timestamp":"2025-01-13 16:03:12,299+0530","service":"FyersAPIRequest"}
{"level":"DEBUG","location":"[get_call:137] fyersModel","message":{"Status Code":200,"API":"/history"},"timestamp":"2025-01-13 16:03:12,693+0530","service":"FyersAPIRequest"}
{"level":"DEBUG","location":"[post_call:78] fyersModel","message":{"Status Code":200,"API":"/orders/sync"},"timestamp":"2025-01-13 16:03:13,135+0530","service":"FyersAPIRequest"}
{"level":"DEBUG","location":"[get_call:137] fyersModel","message":{"Status Code":200,"API":"/history"},"timestamp":"2025-01-13 16:03:13,474+0530","service":"FyersAPIRequest"}
{"level":"DEBUG","location":"[post_call:78] fyersModel","message":{"Status Code":400,"API":"/orders/sync"},"timestamp":"2025-01-13 16:03:13,851+0530","service":"FyersAPIRequest"}
{"level":"DEBUG","location":"[get_call:137] fyersModel","message":{"Status Code":200,"API":"/history"},"timestamp":"2025-01-13 16:03:14,197+0530","service":"FyersAPIRequest"}
{"level":"DEBUG","location":"[post_call:78] fyersModel","message":{"Status Code":200,"API":"/orders/sync"},"timestamp":"2025-01-13 16:03:14,625+0530","service":"FyersAPIRequest"}
{"level":"DEBUG","location":"[get_call:137] fyersModel","message":{"Status Code":200,"API":"/history"},"timestamp":"2025-01-13 16:03:15,458+0530","service":"FyersAPIRequest"}
{"level":"DEBUG","location":"[post_call:78] fyersModel","message":{"Status Code":200,"API":"/orders/sync"},"timestamp":"2025-01-13 16:03:15,957+0530","service":"FyersAPIRequest"}
{"level":"DEBUG","location":"[get_call:137] fyersModel","message":{"Status Code":200,"API":"/history"},"timestamp":"2025-01-13 16:03:16,288+0530","service":"FyersAPIRequest"}
{"level":"DEBUG","location":"[post_call:78] fyersModel","message":{"Status Code":200,"API":"/orders/sync"},"timestamp":"2025-01-13 16:03:16,721+0530","service":"FyersAPIRequest"}
{"level":"DEBUG","location":"[get_call:137] fyersModel","message":{"Status Code":200,"API":"/history"},"timestamp":"2025-01-13 16:03:17,144+0530","service":"FyersAPIRequest"}
{"level":"DEBUG","location":"[get_call:137] fyersModel","message":{"Status Code":200,"API":"/history"},"timestamp":"2025-01-13 16:03:19,657+0530","service":"FyersAPIRequest"}
{"level":"DEBUG","location":"[get_call:137] fyersModel","message":{"Status Code":200,"API":"/history"},"timestamp":"2025-01-13 16:03:28,166+0530","service":"FyersAPIRequest"}
{"level":"DEBUG","location":"[post_call:78] fyersModel","message":{"Status Code":200,"API":"/orders/sync"},"timestamp":"2025-01-13 16:03:28,642+0530","service":"FyersAPIRequest"}
{"level":"DEBUG","location":"[get_call:137] fyersModel","message":{"Status Code":200,"API":"/history"},"timestamp":"2025-01-13 16:03:29,010+0530","service":"FyersAPIRequest"}
{"level":"DEBUG","location":"[post_call:78] fyersModel","message":{"Status Code":200,"API":"/orders/sync"},"timestamp":"2025-01-13 16:03:29,451+0530","service":"FyersAPIRequest"}
{"level":"DEBUG","location":"[get_call:137] fyersModel","message":{"Status Code":200,"API":"/history"},"timestamp":"2025-01-13 16:03:29,785+0530","service":"FyersAPIRequest"}
{"level":"DEBUG","location":"[post_call:78] fyersModel","message":{"Status Code":200,"API":"/orders/sync"},"timestamp":"2025-01-13 16:03:30,210+0530","service":"FyersAPIRequest"}
{"level":"DEBUG","location":"[get_call:137] fyersModel","message":{"Status Code":200,"API":"/history"},"timestamp":"2025-01-13 16:03:30,541+0530","service":"FyersAPIRequest"}
{"level":"DEBUG","location":"[post_call:78] fyersModel","message":{"Status Code":200,"API":"/orders/sync"},"timestamp":"2025-01-13 16:03:31,081+0530","service":"FyersAPIRequest"}
{"level":"DEBUG","location":"[get_call:137] fyersModel","message":{"Status Code":200,"API":"/history"},"timestamp":"2025-01-13 16:03:31,463+0530","service":"FyersAPIRequest"}
{"level":"DEBUG","location":"[post_call:78] fyersModel","message":{"Status Code":200,"API":"/orders/sync"},"timestamp":"2025-01-13 16:03:31,955+0530","service":"FyersAPIRequest"}
{"level":"DEBUG","location":"[get_call:137] fyersModel","message":{"Status Code":200,"API":"/history"},"timestamp":"2025-01-13 16:03:32,338+0530","service":"FyersAPIRequest"}
{"level":"DEBUG","location":"[get_call:137] fyersModel","message":{"Status Code":200,"API":"/history"},"timestamp":"2025-01-13 16:28:45,306+0530","service":"FyersAPIRequest"}
{"level":"DEBUG","location":"[post_call:78] fyersModel","message":{"Status Code":400,"API":"/orders/sync"},"timestamp":"2025-01-13 16:28:45,776+0530","service":"FyersAPIRequest"}
{"level":"DEBUG","location":"[get_call:137] fyersModel","message":{"Status Code":200,"API":"/history"},"timestamp":"2025-01-13 16:28:46,199+0530","service":"FyersAPIRequest"}
{"level":"DEBUG","location":"[post_call:78] fyersModel","message":{"Status Code":200,"API":"/orders/sync"},"timestamp":"2025-01-13 16:28:46,695+0530","service":"FyersAPIRequest"}
{"level":"DEBUG","location":"[get_call:137] fyersModel","message":{"Status Code":200,"API":"/profile"},"timestamp":"2025-01-16 22:44:21,093+0530","service":"FyersAPIRequest"}
{"level":"DEBUG","location":"[get_call:137] fyersModel","message":{"Status Code":200,"API":"/history"},"timestamp":"2025-01-16 22:44:56,050+0530","service":"FyersAPIRequest"}
{"level":"DEBUG","location":"[post_call:78] fyersModel","message":{"Status Code":400,"API":"/orders/sync"},"timestamp":"2025-01-16 22:44:57,259+0530","service":"FyersAPIRequest"}
{"level":"DEBUG","location":"[get_call:137] fyersModel","message":{"Status Code":200,"API":"/history"},"timestamp":"2025-01-16 22:44:58,325+0530","service":"FyersAPIRequest"}
{"level":"DEBUG","location":"[post_call:78] fyersModel","message":{"Status Code":200,"API":"/orders/sync"},"timestamp":"2025-01-16 22:44:59,231+0530","service":"FyersAPIRequest"}
